  CHK     include/config/kernel.release
  CHK     include/generated/uapi/linux/version.h
  CHK     include/generated/utsrelease.h
  CHK     include/generated/timeconst.h
  CHK     include/generated/bounds.h
  CHK     include/generated/asm-offsets.h
  CALL    scripts/checksyscalls.sh
  CHK     include/generated/compile.h
  CC      pmm/pbrk.o
  CC      drivers/block/brd.o
  CC      drivers/char/mem.o
  CC      sound/sound_core.o
  CC      drivers/amba/bus.o
  CC      pmm/pattach.o
  CC      drivers/base/component.o
  CC      drivers/block/loop.o
  CC      net/socket.o
  AS      arch/arm/lib/ashldi3.o
  AS      arch/arm/lib/ashrdi3.o
  AS      arch/arm/lib/backtrace.o
  CC      fs/ext4/mballoc.o
  AS      arch/arm/lib/bswapsdi2.o
  AS      arch/arm/lib/call_with_stack.o
scripts/Makefile.build:293: recipe for target 'pmm/pbrk.o' failed
  AS      arch/arm/lib/changebit.o
  CC      net/8021q/vlan_core.o
scripts/Makefile.build:293: recipe for target 'pmm/pattach.o' failed
Makefile:988: recipe for target 'pmm' failed
  AS      arch/arm/lib/clear_user.o
  AS      arch/arm/lib/clearbit.o
  AS      arch/arm/lib/copy_from_user.o
  CC      drivers/base/core.o
  CHK     kernel/config_data.h
  AS      arch/arm/lib/copy_page.o
  AS      arch/arm/lib/copy_to_user.o
  AS      arch/arm/lib/csumipv6.o
  CC      sound/core/sound.o
  AS      arch/arm/lib/csumpartial.o
  AS      arch/arm/lib/csumpartialcopy.o
  CC      drivers/char/random.o
  AS      arch/arm/lib/csumpartialcopyuser.o
  AS      arch/arm/lib/delay-loop.o
  CC      drivers/char/misc.o
  AS      arch/arm/lib/div64.o
  AS      arch/arm/lib/findbit.o
  AS      arch/arm/lib/getuser.o
  LD      drivers/amba/built-in.o
  CC      drivers/base/bus.o
  AS      arch/arm/lib/io-readsb.o
  CC      drivers/clocksource/clksrc-probe.o
  AS      arch/arm/lib/io-readsl.o
  CC      drivers/clk/clk-devres.o
  AS      arch/arm/lib/io-readsw-armv4.o
  AS      arch/arm/lib/io-writesb.o
  AS      arch/arm/lib/io-writesl.o
  AS      arch/arm/lib/io-writesw-armv4.o
  AS      arch/arm/lib/lib1funcs.o
  AS      arch/arm/lib/lshrdi3.o
  AS      arch/arm/lib/memchr.o
  AS      arch/arm/lib/memcpy.o
  AS      arch/arm/lib/memmove.o
  AS      arch/arm/lib/memset.o
  AS      arch/arm/lib/memzero.o
  CC      drivers/clocksource/cadence_ttc_timer.o
  AS      arch/arm/lib/muldi3.o
  CC      sound/core/init.o
  AS      arch/arm/lib/putuser.o
  CC      drivers/clk/clkdev.o
  AS      arch/arm/lib/setbit.o
  CC      drivers/char/xilinx_devcfg.o
  AS      arch/arm/lib/strchr.o
  AS      arch/arm/lib/strrchr.o
  AS      arch/arm/lib/testchangebit.o
  AS      arch/arm/lib/testclearbit.o
  AS      arch/arm/lib/testsetbit.o
  LD      net/8021q/built-in.o
  AS      arch/arm/lib/ucmpdi2.o
  AR      arch/arm/lib/lib.a
  EXPORTS arch/arm/lib/lib-ksyms.o
  LD      arch/arm/lib/built-in.o
  CC      net/core/sock.o
  CC      drivers/clk/clk.o
  CC      drivers/clocksource/arm_global_timer.o
  LD      drivers/block/built-in.o
  CC      drivers/clocksource/dummy_timer.o
  CC      drivers/base/dd.o
  CC      drivers/char/axi-intr-monitor.o
  CC      net/core/request_sock.o
  CC      net/core/skbuff.o
  CC      drivers/base/syscore.o
  LD      drivers/clocksource/built-in.o
  CC      net/ethernet/eth.o
  CC      sound/core/memory.o
  CC      drivers/connector/cn_queue.o
  CC      drivers/connector/connector.o
  CC      drivers/base/driver.o
  LD      drivers/char/built-in.o
  CC      drivers/cpuidle/cpuidle.o
  CC      sound/core/control.o
  CC      drivers/cpuidle/driver.o
  CC      drivers/connector/cn_proc.o
  CC      drivers/base/class.o
  CC      net/core/datagram.o
  CC      fs/ext4/inline.o
  LD      net/ethernet/built-in.o
  CC      sound/core/misc.o
  CC      drivers/cpuidle/sysfs.o
  CC      drivers/cpuidle/governors/ladder.o
  CC      drivers/clk/clk-divider.o
  CC      drivers/cpuidle/cpuidle-zynq.o
  CC      drivers/base/platform.o
  CC      drivers/base/cpu.o
  CC      sound/core/device.o
  CC      drivers/cpuidle/governors/menu.o
  LD      drivers/connector/cn.o
  LD      drivers/connector/built-in.o
  CC      sound/core/info.o
  CC      drivers/base/firmware.o
  CC      drivers/dma/dmaengine.o
  CC      net/core/stream.o
  CC      sound/core/ctljack.o
  CC      drivers/base/init.o
  CC      drivers/dma/virt-dma.o
  LD      drivers/cpuidle/governors/built-in.o
  LD      drivers/cpuidle/built-in.o
  CC      sound/core/jack.o
  CC      drivers/clk/clk-fixed-factor.o
  CC      net/core/scm.o
  LD      fs/ext4/ext4.o
  LD      fs/ext4/built-in.o
  CC      sound/core/timer.o
  CC      drivers/base/map.o
  CC      sound/core/pcm.o
  CC      sound/core/pcm_native.o
  LD      fs/built-in.o
  CC      sound/core/pcm_lib.o
  CC      net/core/gen_stats.o
  CC      net/core/gen_estimator.o
  CC      drivers/base/devres.o
  CC      drivers/base/attribute_container.o
  CC      drivers/clk/clk-fixed-rate.o
  CC      drivers/dma/of-dma.o
  CC      drivers/dma/dma-axi-dmac.o
  CC      sound/core/pcm_misc.o
  CC      net/core/net_namespace.o
  CC      drivers/clk/clk-adjustable-rate.o
  CC      drivers/base/transport_class.o
  CC      drivers/dma/pl330.o
  CC      drivers/base/topology.o
  CC      net/core/secure_seq.o
  CC      drivers/dma/xilinx/xilinx_dma.o
  CC      net/core/flow_dissector.o
  CC      drivers/base/container.o
  CC      sound/core/pcm_memory.o
  CC      drivers/base/property.o
  CC      drivers/base/cacheinfo.o
  CC      net/core/sysctl_net_core.o
  CC      drivers/clk/clk-gate.o
  CC      drivers/base/devtmpfs.o
  CC      sound/core/memalloc.o
  CC      drivers/clk/clk-multiplier.o
  CC      drivers/clk/clk-mux.o
  CC      sound/core/pcm_timer.o
  CC      drivers/base/dma-contiguous.o
  CC      sound/core/pcm_drm_eld.o
  CC      net/core/dev.o
  CC      drivers/base/power/sysfs.o
  LD      drivers/dma/xilinx/built-in.o
  CC      drivers/base/power/generic_ops.o
  CC      drivers/clk/clk-composite.o
  CC      sound/core/pcm_iec958.o
  CC      sound/core/pcm_dmaengine.o
  LD      drivers/dma/built-in.o
  CC      drivers/base/regmap/regmap.o
  CC      drivers/base/dma-mapping.o
  CC      drivers/dma-buf/dma-buf.o
  CC      drivers/base/dma-coherent.o
  CC      net/core/ethtool.o
  CC      sound/core/rawmidi.o
  CC      drivers/clk/clk-fractional-divider.o
  CC      drivers/clk/clk-gpio.o
  CC      drivers/base/power/common.o
  CC      drivers/clk/clk-conf.o
  CC      drivers/base/firmware_class.o
  LD      sound/core/snd.o
  LD      sound/core/snd-timer.o
  LD      sound/core/snd-pcm.o
  LD      sound/core/snd-pcm-dmaengine.o
  CC      drivers/base/module.o
  CC      drivers/base/soc.o
  CC      drivers/clk/clk-axi-clkgen.o
  CC      drivers/dma-buf/fence.o
  CC      drivers/clk/clk-si570.o
  CC      drivers/base/power/qos.o
  CC      drivers/base/pinctrl.o
  CC      drivers/dma-buf/reservation.o
  CC      sound/soc/soc-core.o
  CC      drivers/base/regmap/regcache.o
  CC      drivers/base/regmap/regcache-rbtree.o
  LD      sound/core/snd-rawmidi.o
  LD      sound/core/built-in.o
  CC      sound/soc/soc-dapm.o
  CC      drivers/dma-buf/seqno-fence.o
  CC      drivers/clk/zynq/clkc.o
  CC      drivers/clk/zynq/pll.o
  CC      drivers/dma-buf/fence-array.o
  CC      drivers/base/regmap/regcache-lzo.o
  CC      drivers/base/power/runtime.o
  CC      drivers/base/power/wakeirq.o
  CC      drivers/base/power/main.o
  LD      drivers/clk/zynq/built-in.o
  LD      drivers/clk/built-in.o
  CC      drivers/base/power/wakeup.o
  CC      drivers/base/regmap/regcache-flat.o
  LD      drivers/dma-buf/built-in.o
  CC      drivers/base/regmap/regmap-debugfs.o
  CC      drivers/edac/edac_stub.o
  CC      drivers/base/power/clock_ops.o
  CC      drivers/edac/edac_mc.o
  CC      drivers/base/regmap/regmap-i2c.o
  CC      sound/soc/soc-jack.o
  CC      sound/soc/soc-cache.o
  CC      drivers/base/regmap/regmap-spi.o
  CC      drivers/edac/edac_device.o
  CC      drivers/edac/edac_mc_sysfs.o
  CC      drivers/base/regmap/regmap-mmio.o
  CC      sound/soc/soc-utils.o
  LD      drivers/base/power/built-in.o
  CC      sound/soc/soc-pcm.o
  CC      sound/soc/soc-io.o
  CC      net/ipv4/route.o
  CC      net/ipv6/addrconf_core.o
  CC      sound/soc/soc-devres.o
  CC      net/ipv6/exthdrs_core.o
  CC      net/ipv4/inetpeer.o
  CC      drivers/edac/edac_module.o
  CC      net/ipv6/ip6_checksum.o
  LD      drivers/base/regmap/built-in.o
  LD      drivers/base/built-in.o
  CC      sound/soc/soc-ops.o
  CC      drivers/extcon/extcon.o
  CC      net/core/dev_addr_lists.o
  CC      sound/soc/soc-generic-dmaengine-pcm.o
  CC      sound/soc/adi/axi-i2s.o
  CC      drivers/edac/edac_device_sysfs.o
  CC      net/ipv6/ip6_icmp.o
  CC      net/ipv6/output_core.o
  CC      net/ipv6/protocol.o
  CC      sound/soc/adi/axi-spdif.o
  CC      net/ipv4/protocol.o
  CC      sound/soc/adi/adrv936x_box.o
  CC      net/ipv4/ip_input.o
  CC      drivers/extcon/devres.o
  CC      drivers/edac/wq.o
  CC      net/ipv6/ip6_offload.o
  CC      net/core/dst.o
  CC      sound/soc/codecs/adau1701.o
  LD      drivers/extcon/extcon-core.o
  LD      drivers/extcon/built-in.o
  CC      sound/soc/codecs/adau17x1.o
  CC      sound/soc/codecs/adau1761.o
  CC      net/ipv4/ip_fragment.o
  LD      sound/soc/adi/snd-soc-adi-axi-i2s.o
  LD      sound/soc/adi/snd-soc-adi-axi-spdif.o
  LD      sound/soc/adi/snd-soc-adrv936x-box.o
  LD      sound/soc/adi/built-in.o
  CC      sound/last.o
  LD      sound/soundcore.o
  CC      sound/soc/generic/simple-card-utils.o
  CC      net/netlink/af_netlink.o
  LD      drivers/edac/edac_core.o
  LD      drivers/edac/built-in.o
  CC      drivers/gpio/devres.o
  CC      net/netlink/genetlink.o
  CC      drivers/gpio/gpiolib.o
  CC      net/ipv4/ip_forward.o
  CC      net/ipv6/tcpv6_offload.o
  CC      sound/soc/codecs/adau1761-i2c.o
  CC      net/packet/af_packet.o
  CC      drivers/gpio/gpiolib-legacy.o
  CC      sound/soc/codecs/hdmi-codec.o
  CC      net/core/netevent.o
  CC      sound/soc/generic/simple-card.o
  CC      sound/soc/codecs/sigmadsp.o
  CC      net/ipv4/ip_options.o
  CC      net/ipv6/exthdrs_offload.o
  CC      drivers/gpio/gpiolib-of.o
  CC      net/ipv4/ip_output.o
  LD      sound/soc/generic/snd-soc-simple-card-utils.o
  LD      sound/soc/generic/snd-soc-simple-card.o
  LD      sound/soc/generic/built-in.o
  CC      net/core/neighbour.o
  CC      net/core/rtnetlink.o
  CC      net/core/utils.o
  LD      net/ipv6/built-in.o
  CC      net/sched/sch_generic.o
  CC      net/sched/sch_mq.o
  CC      sound/soc/codecs/sigmadsp-i2c.o
  CC      drivers/gpio/gpiolib-sysfs.o
  LD      net/netlink/built-in.o
  CC      drivers/gpio/gpio-adi-daq1.o
  CC      drivers/gpio/gpio-pca953x.o
  CC      sound/soc/codecs/sigmadsp-regmap.o
  CC      sound/soc/codecs/ts3a227e.o
  CC      net/core/link_watch.o
  CC      net/core/filter.o
  CC      drivers/gpio/gpio-zynq.o
  CC      net/ipv4/ip_sockglue.o
  CC      net/core/sock_diag.o
  LD      net/sched/built-in.o
  LD      sound/soc/codecs/snd-soc-adau1701.o
  LD      sound/soc/codecs/snd-soc-adau17x1.o
  CC      net/unix/af_unix.o
  CC      net/unix/garbage.o
  CC      net/ipv4/inet_hashtables.o
  LD      sound/soc/codecs/snd-soc-adau1761.o
  LD      sound/soc/codecs/snd-soc-adau1761-i2c.o
  LD      sound/soc/codecs/snd-soc-hdmi-codec.o
  LD      sound/soc/codecs/snd-soc-sigmadsp.o
  LD      sound/soc/codecs/snd-soc-sigmadsp-i2c.o
  LD      sound/soc/codecs/snd-soc-sigmadsp-regmap.o
  LD      sound/soc/codecs/snd-soc-ts3a227e.o
  LD      net/packet/built-in.o
  LD      sound/soc/codecs/built-in.o
  CC      net/ipv4/inet_timewait_sock.o
  LD      sound/soc/snd-soc-core.o
  LD      sound/soc/built-in.o
  LD      drivers/gpio/built-in.o
  LD      sound/built-in.o
  CC      net/core/dev_ioctl.o
  CC      net/unix/sysctl_net_unix.o
  CC      drivers/gpu/drm/drm_crtc_helper.o
  CC      net/core/tso.o
  CC      net/core/sock_reuseport.o
  CC      net/core/flow.o
  CC      net/core/net-sysfs.o
  CC      net/core/net-procfs.o
  CC      net/ipv4/inet_connection_sock.o
  CC      net/ipv4/tcp.o
  CC      net/core/ptp_classifier.o
  CC      net/core/dst_cache.o
  CC      net/ipv4/tcp_input.o
  CC      drivers/gpu/drm/drm_dp_helper.o
  CC      drivers/gpu/drm/drm_probe_helper.o
  CC      drivers/gpu/drm/drm_plane_helper.o
  CC      drivers/hwmon/hwmon.o
  LD      net/unix/unix.o
  LD      net/unix/built-in.o
  CC      net/xfrm/xfrm_policy.o
  CC      drivers/hid/hid-core.o
  CC      drivers/hid/hid-input.o
  CC      drivers/hid/hid-debug.o
  LD      net/core/built-in.o
  CC      net/sysctl_net.o
  CC      drivers/gpu/drm/drm_dp_mst_topology.o
  CC      drivers/gpu/drm/drm_atomic_helper.o
  CC      drivers/hwmon/pmbus/pmbus_core.o
  CC      drivers/gpu/drm/drm_kms_helper_common.o
  CC      net/ipv4/tcp_output.o
  CC      drivers/hid/hidraw.o
  CC      drivers/gpu/drm/drm_dp_dual_mode_helper.o
  CC      drivers/gpu/drm/drm_simple_kms_helper.o
  CC      drivers/gpu/drm/drm_modeset_helper.o
  CC      net/ipv4/tcp_timer.o
  CC      drivers/hid/hid-generic.o
  CC      drivers/hwmon/pmbus/pmbus.o
  CC      drivers/hid/hid-a4tech.o
  CC      drivers/gpu/drm/drm_fb_helper.o
  CC      drivers/hid/hid-axff.o
  CC      drivers/hwmon/pmbus/ucd9000.o
  CC      drivers/gpu/drm/drm_fb_cma_helper.o
  CC      net/xfrm/xfrm_state.o
  CC      drivers/hid/hid-apple.o
  CC      drivers/gpu/drm/drm_auth.o
  CC      drivers/hid/hid-belkin.o
  CC      drivers/gpu/drm/drm_bufs.o
  CC      drivers/hid/hid-cherry.o
  CC      drivers/hwmon/pmbus/ucd9200.o
  CC      drivers/hid/hid-chicony.o
  CC      drivers/hid/hid-cypress.o
  LD      drivers/hwmon/pmbus/built-in.o
  LD      drivers/hwmon/built-in.o
  CC      drivers/hid/hid-dr.o
  CC      net/ipv4/tcp_ipv4.o
  CC      drivers/i2c/i2c-boardinfo.o
  CC      net/ipv4/tcp_minisocks.o
  CC      net/ipv4/tcp_cong.o
  CC      drivers/i2c/i2c-core.o
  CC      drivers/hid/hid-emsff.o
  CC      drivers/gpu/drm/drm_cache.o
  CC      net/xfrm/xfrm_hash.o
  CC      net/ipv4/tcp_metrics.o
  CC      drivers/i2c/i2c-dev.o
  CC      net/xfrm/xfrm_input.o
  CC      drivers/gpu/drm/drm_context.o
  CC      drivers/hid/hid-ezkey.o
  CC      drivers/hid/hid-gyration.o
  CC      drivers/gpu/drm/drm_dma.o
  CC      drivers/gpu/drm/drm_fops.o
  CC      drivers/i2c/i2c-mux.o
  CC      drivers/hid/hid-holtek-kbd.o
  CC      drivers/gpu/drm/drm_gem.o
  CC      drivers/gpu/drm/drm_ioctl.o
  CC      net/xfrm/xfrm_output.o
  CC      net/xfrm/xfrm_sysctl.o
  CC      drivers/gpu/drm/drm_irq.o
  CC      net/xfrm/xfrm_replay.o
  CC      drivers/hid/hid-holtek-mouse.o
  CC      drivers/i2c/algos/i2c-algo-bit.o
  CC      drivers/i2c/busses/i2c-cadence.o
  CC      net/ipv4/tcp_fastopen.o
  CC      net/ipv4/tcp_rate.o
  CC      drivers/i2c/muxes/i2c-mux-pca954x.o
  CC      net/ipv4/tcp_recovery.o
  CC      drivers/hid/hid-holtekff.o
  CC      drivers/gpu/drm/drm_lock.o
  CC      drivers/gpu/drm/drm_memory.o
  CC      drivers/gpu/drm/drm_drv.o
  CC      drivers/i2c/busses/i2c-gpio.o
  LD      drivers/i2c/algos/built-in.o
  CC      drivers/hid/hid-kensington.o
  CC      drivers/i2c/busses/i2c-xiic.o
  LD      drivers/i2c/muxes/built-in.o
  CC      drivers/hid/hid-keytouch.o
  CC      net/ipv4/tcp_offload.o
  CC      net/ipv4/datagram.o
  CC      drivers/hid/hid-kye.o
  CC      net/ipv4/raw.o
  CC      net/ipv4/udp.o
  CC      drivers/hid/hid-lcpower.o
  LD      net/xfrm/built-in.o
  CC      drivers/hid/hid-lg.o
  CC      drivers/gpu/drm/drm_vm.o
  CC      drivers/hid/hid-lgff.o
  LD      drivers/i2c/busses/built-in.o
  LD      drivers/i2c/built-in.o
  CC      drivers/hid/hid-lg2ff.o
  CC      drivers/iio/industrialio-core.o
  CC      drivers/hid/hid-lg3ff.o
  CC      drivers/hid/hid-lg4ff.o
  CC      drivers/gpu/drm/drm_scatter.o
  CC      drivers/hid/hid-logitech-dj.o
  CC      drivers/hid/hid-logitech-hidpp.o
  CC      drivers/hid/hid-microsoft.o
  CC      drivers/hid/hid-monterey.o
  CC      net/ipv4/udplite.o
  CC      drivers/gpu/drm/drm_pci.o
  CC      drivers/hid/hid-multitouch.o
  CC      drivers/hid/hid-ntrig.o
  CC      net/ipv4/udp_offload.o
  CC      drivers/gpu/drm/drm_platform.o
  CC      drivers/hid/hid-ortek.o
  CC      drivers/hid/hid-prodikeys.o
  CC      net/ipv4/arp.o
  CC      drivers/iio/industrialio-event.o
  CC      drivers/hid/hid-pl.o
  CC      drivers/hid/hid-petalynx.o
  CC      drivers/hid/hid-picolcd_core.o
  CC      drivers/hid/hid-picolcd_fb.o
  CC      drivers/gpu/drm/drm_sysfs.o
  CC      drivers/hid/hid-picolcd_debugfs.o
  CC      drivers/gpu/drm/drm_hashtab.o
  CC      drivers/hid/hid-primax.o
  CC      drivers/hid/hid-roccat.o
  CC      drivers/hid/hid-roccat-common.o
  CC      drivers/iio/inkern.o
  CC      drivers/iio/industrialio-buffer.o
  CC      net/ipv4/icmp.o
  CC      drivers/hid/hid-roccat-arvo.o
  CC      drivers/hid/hid-roccat-isku.o
  CC      net/ipv4/devinet.o
  CC      drivers/hid/hid-roccat-kone.o
  CC      drivers/hid/hid-roccat-koneplus.o
  CC      drivers/hid/hid-roccat-konepure.o
  CC      drivers/gpu/drm/drm_mm.o
  CC      drivers/gpu/drm/drm_crtc.o
  CC      drivers/hid/hid-roccat-kovaplus.o
  CC      net/ipv4/af_inet.o
  CC      drivers/hid/hid-roccat-lua.o
  CC      drivers/iio/industrialio-trigger.o
  CC      drivers/hid/hid-roccat-pyra.o
  CC      drivers/hid/hid-roccat-ryos.o
  CC      drivers/hid/hid-roccat-savu.o
  CC      drivers/hid/hid-samsung.o
  CC      drivers/hid/hid-sjoy.o
  CC      drivers/input/input.o
  CC      drivers/hid/hid-sony.o
  CC      net/ipv4/igmp.o
  CC      drivers/input/serio/serio.o
  CC      drivers/hid/hid-speedlink.o
  CC      drivers/iio/adc/ad_sigma_delta.o
  CC      drivers/iio/adc/ad7173.o
  CC      drivers/hid/hid-sunplus.o
  CC      drivers/gpu/drm/drm_fourcc.o
  CC      drivers/gpu/drm/drm_modes.o
  CC      drivers/hid/hid-gaff.o
  CC      net/ipv4/fib_frontend.o
  CC      drivers/input/serio/serport.o
  CC      drivers/iio/adc/ad7266.o
  CC      drivers/input/serio/libps2.o
  CC      drivers/hid/hid-tmff.o
  CC      drivers/input/input-compat.o
  CC      drivers/iio/adc/ad7291.o
  CC      net/ipv4/fib_semantics.o
  CC      drivers/gpu/drm/drm_edid.o
  CC      drivers/input/input-mt.o
  CC      drivers/hid/hid-topseed.o
  CC      drivers/iio/adc/ad7298.o
  CC      drivers/input/ff-core.o
  CC      drivers/gpu/drm/drm_info.o
  CC      drivers/iio/adc/ad7476.o
  CC      drivers/hid/hid-twinhan.o
  LD      drivers/input/serio/built-in.o
  CC      drivers/irqchip/irqchip.o
  CC      drivers/hid/hid-uclogic.o
  CC      drivers/input/ff-memless.o
  CC      drivers/hid/hid-zpff.o
  CC      drivers/irqchip/irq-gic.o
  CC      drivers/iio/adc/ad7791.o
  CC      drivers/iio/adc/ad7793.o
  CC      drivers/gpu/drm/drm_debugfs.o
  CC      net/ipv4/fib_trie.o
  CC      drivers/input/sparse-keymap.o
  CC      drivers/hid/hid-zydacron.o
  CC      drivers/hid/hid-waltop.o
  CC      net/ipv4/inet_fragment.o
  CC      net/ipv4/ping.o
  CC      drivers/input/input-leds.o
  CC      drivers/iio/adc/ad7887.o
  CC      drivers/hid/usbhid/hid-core.o
  LD      drivers/hid/hid.o
  LD      drivers/hid/hid-logitech.o
  CC      drivers/hid/usbhid/hid-quirks.o
  CC      drivers/input/mousedev.o
  CC      drivers/input/evdev.o
  CC      drivers/iio/adc/ad799x.o
  CC      drivers/input/keyboard/atkbd.o
  LD      drivers/irqchip/built-in.o
  CC      drivers/leds/led-core.o
  CC      drivers/iio/adc/cf_axi_adc_core.o
  CC      drivers/hid/usbhid/hiddev.o
  CC      drivers/gpu/drm/drm_encoder_slave.o
  CC      net/ipv4/ip_tunnel_core.o
  CC      drivers/iio/adc/cf_axi_adc_ring_stream.o
  CC      drivers/input/misc/rotary_encoder.o
  CC      drivers/leds/led-class.o
  CC      drivers/leds/led-triggers.o
  CC      net/ipv4/gre_offload.o
  CC      drivers/input/keyboard/gpio_keys.o
  LD      drivers/input/misc/built-in.o
  CC      drivers/iio/adc/ad6676.o
  CC      drivers/gpu/drm/drm_trace_points.o
  CC      drivers/input/mouse/psmouse-base.o
  CC      drivers/input/mouse/focaltech.o
  CC      drivers/input/mouse/synaptics.o
  CC      drivers/leds/leds-gpio.o
  LD      drivers/hid/usbhid/usbhid.o
  LD      drivers/hid/usbhid/built-in.o
  LD      drivers/hid/hid-picolcd.o
  LD      drivers/hid/built-in.o
  CC      drivers/iio/adc/ad9361.o
  CC      drivers/leds/trigger/ledtrig-timer.o
  CC      drivers/media/i2c/adv7511.o
  CC      drivers/gpu/drm/drm_global.o
  LD      drivers/input/keyboard/built-in.o
  LD      drivers/input/input-core.o
  CC      drivers/memory/pl35x-smc.o
  CC      drivers/input/mouse/alps.o
  CC      drivers/input/mouse/byd.o
  CC      net/ipv4/sysctl_net_ipv4.o
  CC      drivers/leds/trigger/ledtrig-oneshot.o
  CC      net/ipv4/proc.o
  CC      drivers/iio/adc/ad9361_conv.o
  CC      drivers/input/mouse/logips2pp.o
  CC      drivers/gpu/drm/drm_prime.o
  CC      drivers/input/mouse/trackpoint.o
  CC      drivers/input/mouse/cypress_ps2.o
  CC      drivers/leds/trigger/ledtrig-heartbeat.o
  CC      drivers/leds/trigger/ledtrig-cpu.o
  LD      drivers/memory/built-in.o
  CC      drivers/mfd/syscon.o
  CC      net/ipv4/xfrm4_mode_beet.o
  CC      net/ipv4/xfrm4_mode_transport.o
  CC      net/ipv4/xfrm4_mode_tunnel.o
  CC      drivers/misc/ad525x_dpot.o
  CC      drivers/misc/ad525x_dpot-spi.o
  CC      drivers/iio/adc/ad9371.o
  LD      drivers/leds/trigger/built-in.o
  LD      drivers/leds/built-in.o
  CC      net/ipv4/ipconfig.o
  LD      drivers/input/mouse/psmouse.o
  CC      drivers/media/i2c/adv7604.o
  LD      drivers/input/mouse/built-in.o
  LD      drivers/input/built-in.o
  CC      net/ipv4/inet_diag.o
  CC      drivers/gpu/drm/drm_rect.o
  CC      drivers/gpu/drm/drm_vma_manager.o
  CC      drivers/gpu/drm/drm_flip_work.o
  CC      drivers/gpu/drm/drm_modeset_lock.o
  LD      drivers/mfd/built-in.o
  CC      drivers/mmc/card/block.o
  CC      net/ipv4/tcp_diag.o
  CC      drivers/misc/eeprom/at24.o
  CC      drivers/misc/eeprom/at25.o
  CC      drivers/gpu/drm/drm_atomic.o
  CC      net/ipv4/tcp_cubic.o
  CC      drivers/gpu/drm/drm_bridge.o
  CC      drivers/gpu/drm/drm_framebuffer.o
  CC      net/ipv4/xfrm4_policy.o
  CC      net/ipv4/xfrm4_state.o
  LD      drivers/misc/eeprom/built-in.o
  CC      net/ipv4/xfrm4_input.o
  CC      drivers/misc/sram.o
  CC      net/ipv4/xfrm4_output.o
  LD      drivers/media/i2c/built-in.o
  CC      drivers/media/platform/axi-hdmi-rx.o
  CC      drivers/mmc/card/queue.o
  CC      drivers/iio/adc/ad9371_conv.o
  CC      net/ipv4/xfrm4_protocol.o
  CC      drivers/iio/adc/mykonos/common.o
  CC      drivers/gpu/drm/drm_connector.o
  LD      drivers/misc/built-in.o
  CC      drivers/gpu/drm/drm_blend.o
  CC      drivers/gpu/drm/drm_encoder.o
  CC      drivers/gpu/drm/drm_mode_object.o
  CC      drivers/media/platform/imageon-bridge.o
  CC      drivers/mtd/mtdcore.o
  CC      drivers/gpu/drm/drm_property.o
  CC      drivers/iio/adc/ad9467.o
  CC      drivers/mtd/mtdsuper.o
  CC      drivers/mtd/mtdconcat.o
  LD      drivers/mmc/card/mmc_block.o
  LD      drivers/mmc/card/built-in.o
  CC      drivers/mmc/core/core.o
  CC      drivers/gpu/drm/drm_plane.o
  CC      drivers/gpu/drm/drm_color_mgmt.o
  LD      net/ipv4/built-in.o
  CC      drivers/gpu/drm/drm_gem_cma_helper.o
  CC      drivers/mtd/mtdpart.o
  LD      drivers/media/platform/built-in.o
  LD      net/built-in.o
  CC      drivers/media/usb/gspca/gspca.o
  CC      drivers/iio/adc/ad9680.o
  CC      drivers/iio/adc/admc_adc.o
  CC      drivers/iio/adc/admc_speed.o
  CC      drivers/media/usb/gspca/autogain_functions.o
  CC      drivers/mtd/mtdchar.o
  CC      drivers/gpu/drm/drm_of.o
  CC      drivers/iio/adc/admc_ctrl.o
  CC      drivers/mtd/ofpart.o
  CC      drivers/mtd/cmdlinepart.o
  CC      drivers/gpu/drm/adi_axi_hdmi/axi_hdmi_encoder.o
  CC      drivers/iio/adc/ad_adc.o
  CC      drivers/iio/adc/cf_axi_tdd.o
  CC      drivers/mtd/mtd_blkdevs.o
  CC      drivers/mtd/mtdblock.o
  CC      drivers/mtd/chips/chipreg.o
  CC      drivers/iio/adc/xilinx-xadc-core.o
  CC      drivers/media/v4l2-core/v4l2-dev.o
  CC      drivers/iio/adc/xilinx-xadc-events.o
  LD      drivers/iio/adc/cf_axi_adc.o
  LD      drivers/iio/adc/ad9361_drv.o
  CC      drivers/mtd/chips/cfi_probe.o
  CC      drivers/mmc/core/bus.o
  CC      drivers/gpu/drm/bridge/adv7511/adv7511_drv.o
  CC      drivers/gpu/drm/adi_axi_hdmi/axi_hdmi_crtc.o
  CC      drivers/mtd/devices/m25p80.o
  LD      drivers/media/usb/gspca/gspca_main.o
  LD      drivers/media/usb/gspca/built-in.o
  CC      drivers/mtd/maps/physmap.o
  LD      drivers/iio/adc/ad9371_drv.o
  CC      drivers/mtd/maps/physmap_of.o
  CC      drivers/media/usb/uvc/uvc_driver.o
  CC      drivers/media/usb/uvc/uvc_queue.o
  CC      drivers/mtd/chips/cfi_util.o
  CC      drivers/media/usb/uvc/uvc_v4l2.o
  LD      drivers/iio/adc/xilinx-xadc.o
  LD      drivers/iio/adc/built-in.o
  CC      drivers/gpu/drm/adi_axi_hdmi/axi_hdmi_drv.o
  CC      drivers/iio/amplifiers/ad8366.o
  CC      drivers/iio/buffer/industrialio-buffer-dma.o
  CC      drivers/mmc/core/host.o
  LD      drivers/mtd/devices/built-in.o
  CC      drivers/mtd/nand/nand_base.o
  CC      drivers/media/v4l2-core/v4l2-ioctl.o
  LD      drivers/mtd/maps/built-in.o
  CC      drivers/mtd/spi-nor/spi-nor.o
  CC      drivers/gpu/drm/bridge/adv7511/adv7511_audio.o
  CC      drivers/media/usb/uvc/uvc_video.o
  LD      drivers/iio/amplifiers/built-in.o
  CC      drivers/mtd/chips/cfi_cmdset_0002.o
  LD      drivers/gpu/drm/adi_axi_hdmi/adi_axi_hdmi.o
  CC      drivers/iio/dac/ad5360.o
  LD      drivers/gpu/drm/adi_axi_hdmi/built-in.o
  LD      drivers/gpu/drm/drm_kms_helper.o
  LD      drivers/gpu/drm/drm.o
  CC      drivers/iio/frequency/ad9508.o
  LD      drivers/gpu/drm/bridge/adv7511/adv7511.o
  LD      drivers/gpu/drm/bridge/adv7511/built-in.o
  LD      drivers/gpu/drm/bridge/built-in.o
  LD      drivers/gpu/drm/built-in.o
  CC      drivers/media/usb/uvc/uvc_ctrl.o
  CC      drivers/mmc/core/mmc.o
  LD      drivers/gpu/built-in.o
  CC      drivers/media/usb/uvc/uvc_status.o
  CC      drivers/iio/buffer/industrialio-buffer-dmaengine.o
  CC      drivers/net/macsec.o
  CC      drivers/iio/dac/ad5380.o
  CC      drivers/iio/frequency/ad9517.o
  CC      drivers/iio/dac/ad5421.o
  CC      drivers/media/usb/uvc/uvc_isight.o
  LD      drivers/mtd/spi-nor/built-in.o
  LD      drivers/mtd/mtd.o
  CC      drivers/iio/buffer/industrialio-triggered-buffer.o
  CC      drivers/iio/buffer/kfifo_buf.o
  CC      drivers/iio/dac/ad5624r_spi.o
  CC      drivers/media/usb/uvc/uvc_debugfs.o
  CC      drivers/media/usb/uvc/uvc_entity.o
  CC      drivers/media/v4l2-core/v4l2-device.o
  CC      drivers/iio/frequency/ad9523.o
  CC      drivers/iio/dac/ad5064.o
  CC      drivers/iio/dac/ad5504.o
  CC      drivers/mmc/core/mmc_ops.o
  CC      drivers/mtd/chips/gen_probe.o
  CC      drivers/mmc/core/sd.o
  CC      drivers/mtd/nand/nand_bbt.o
  CC      drivers/iio/buffer/hw_consumer.o
  CC      drivers/mtd/nand/nand_timings.o
  LD      drivers/media/usb/uvc/uvcvideo.o
  LD      drivers/media/usb/uvc/built-in.o
  LD      drivers/media/usb/built-in.o
  CC      drivers/media/media-device.o
  CC      drivers/iio/dac/ad5446.o
  CC      drivers/iio/dac/ad5449.o
  CC      drivers/media/v4l2-core/v4l2-fh.o
  LD      drivers/iio/buffer/built-in.o
  LD      drivers/mtd/chips/built-in.o
  CC      drivers/iio/gyro/adis16080.o
  CC      drivers/mtd/nand/nand_ecc.o
  CC      drivers/mtd/nand/nand_ids.o
  CC      drivers/iio/frequency/ad9528.o
  CC      drivers/mmc/core/sd_ops.o
  CC      drivers/iio/dac/ad5592r-base.o
  CC      drivers/iio/dac/ad5592r.o
  CC      drivers/mmc/core/sdio.o
  CC      drivers/mtd/nand/pl35x_nand.o
  CC      drivers/media/v4l2-core/v4l2-event.o
  CC      drivers/iio/gyro/adis16130.o
  LD      drivers/mtd/nand/nand.o
  CC      drivers/iio/dac/ad5593r.o
  CC      drivers/iio/gyro/adis16136.o
  CC      drivers/net/Space.o
  CC      drivers/media/media-devnode.o
  CC      drivers/iio/dac/ad5755.o
  LD      drivers/mtd/nand/built-in.o
  LD      drivers/mtd/built-in.o
  CC      drivers/iio/dac/ad5764.o
  CC      drivers/iio/gyro/adis16260.o
  CC      drivers/mmc/core/sdio_ops.o
  CC      drivers/nvmem/core.o
  CC      drivers/media/media-entity.o
  CC      drivers/iio/dac/ad5791.o
  CC      drivers/mmc/core/sdio_bus.o
  CC      drivers/iio/frequency/ad9548.o
  CC      drivers/media/v4l2-core/v4l2-ctrls.o
  CC      drivers/media/v4l2-core/v4l2-subdev.o
  CC      drivers/iio/dac/ad5686.o
  CC      drivers/net/loopback.o
  CC      drivers/iio/dac/ad7303.o
  CC      drivers/iio/gyro/adxrs450.o
  CC      drivers/mmc/core/sdio_cis.o
  CC      drivers/mmc/core/sdio_io.o
  CC      drivers/mmc/core/sdio_irq.o
  CC      drivers/iio/frequency/adf4350.o
  CC      drivers/iio/frequency/adf5355.o
  LD      drivers/media/media.o
  CC      drivers/iio/frequency/cf_axi_dds.o
  LD      drivers/iio/dac/built-in.o
  LD      drivers/nvmem/nvmem_core.o
  LD      drivers/nvmem/built-in.o
  CC      drivers/media/v4l2-core/v4l2-clk.o
  CC      drivers/of/base.o
  LD      drivers/iio/gyro/built-in.o
  CC      drivers/mmc/core/quirks.o
  CC      drivers/iio/imu/adis16400_core.o
  CC      drivers/net/ethernet/cadence/macb.o
  CC      drivers/mmc/core/slot-gpio.o
  CC      drivers/mmc/core/pwrseq.o
  CC      drivers/mmc/core/debugfs.o
  CC      drivers/mmc/core/pwrseq_simple.o
  CC      drivers/iio/frequency/cf_axi_dds_buffer_stream.o
  CC      drivers/media/v4l2-core/v4l2-async.o
  CC      drivers/iio/imu/adis16400_buffer.o
  CC      drivers/mmc/core/pwrseq_emmc.o
  CC      drivers/iio/frequency/ad9122.o
  CC      drivers/iio/imu/adis16460.o
  CC      drivers/iio/frequency/ad9144.o
  LD      drivers/mmc/core/mmc_core.o
  CC      drivers/iio/frequency/ad9739a.o
  LD      drivers/mmc/core/built-in.o
  CC      drivers/mmc/host/sdhci.o
  CC      drivers/iio/frequency/ad9162.o
  CC      drivers/of/device.o
  CC      drivers/net/phy/phy.o
  CC      drivers/net/phy/phy_device.o
  CC      drivers/media/v4l2-core/v4l2-of.o
  CC      drivers/media/v4l2-core/v4l2-mc.o
  CC      drivers/net/phy/mdio_bus.o
  CC      drivers/iio/imu/adis16480.o
  CC      drivers/iio/imu/adis.o
  LD      drivers/iio/frequency/cf_axi_dds_drv.o
  CC      drivers/net/phy/mdio_device.o
  LD      drivers/iio/frequency/built-in.o
  CC      drivers/media/v4l2-core/v4l2-common.o
  CC      drivers/iio/jesd204/axi_adxcvr.o
  CC      drivers/iio/imu/adis_trigger.o
  CC      drivers/of/platform.o
  CC      drivers/of/fdt.o
  LD      drivers/net/ethernet/cadence/built-in.o
  CC      drivers/iio/imu/adis_buffer.o
  CC      drivers/net/ethernet/xilinx/xilinx_emacps.o
  CC      drivers/iio/jesd204/axi_jesd204b_v51.o
  CC      drivers/iio/jesd204/axi_jesd204b_gt.o
  CC      drivers/net/phy/swphy.o
  CC      drivers/net/phy/mdio-bitbang.o
  CC      drivers/media/v4l2-core/videobuf2-core.o
  CC      drivers/net/phy/fixed_phy.o
  CC      drivers/media/v4l2-core/videobuf2-v4l2.o
  CC      drivers/iio/jesd204/axi_jesd204_rx.o
  CC      drivers/iio/jesd204/axi_jesd204_tx.o
  CC      drivers/mmc/host/sdhci-pltfm.o
  CC      drivers/net/phy/marvell.o
  CC      drivers/net/phy/xilinx_gmii2rgmii.o
  LD      drivers/iio/imu/adis16400.o
  LD      drivers/iio/imu/adis_lib.o
  LD      drivers/iio/imu/built-in.o
  CC      drivers/of/address.o
  CC      drivers/perf/arm_pmu.o
  CC      drivers/iio/jesd204/xilinx_transceiver.o
  CC      drivers/iio/logic/m2k-logic-analyzer.o
  CC      drivers/iio/logic/m2k-fabric.o
  CC      drivers/pinctrl/core.o
  LD      drivers/net/ethernet/xilinx/built-in.o
  LD      drivers/net/ethernet/built-in.o
  CC      drivers/media/v4l2-core/videobuf2-memops.o
  CC      drivers/mmc/host/sdhci-of-arasan.o
  CC      drivers/net/tun.o
  LD      drivers/net/phy/libphy.o
  CC      drivers/pinctrl/pinctrl-utils.o
  LD      drivers/net/phy/built-in.o
  CC      drivers/pinctrl/pinmux.o
  CC      drivers/iio/logic/m2k-trigger-ad.o
  LD      drivers/iio/jesd204/built-in.o
  CC      drivers/pinctrl/pinconf.o
  CC      drivers/pinctrl/devicetree.o
  CC      drivers/pinctrl/pinconf-generic.o
  CC      drivers/of/irq.o
  LD      drivers/perf/built-in.o
  CC      drivers/media/v4l2-core/videobuf2-vmalloc.o
  CC      drivers/power/reset/gpio-poweroff.o
  CC      drivers/of/of_net.o
  LD      drivers/iio/logic/built-in.o
  LD      drivers/mmc/host/built-in.o
  LD      drivers/mmc/built-in.o
  LD      drivers/iio/industrialio.o
  CC      drivers/pps/pps.o
  LD      drivers/iio/built-in.o
  CC      drivers/pinctrl/pinctrl-zynq.o
  CC      drivers/ptp/ptp_clock.o
  CC      drivers/ptp/ptp_chardev.o
  CC      drivers/power/reset/restart-poweroff.o
  CC      drivers/of/of_mdio.o
  CC      drivers/of/of_reserved_mem.o
  CC      drivers/power/supply/power_supply_core.o
  LD      drivers/pinctrl/built-in.o
  CC      drivers/pps/kapi.o
  LD      drivers/power/reset/built-in.o
  CC      drivers/ras/ras.o
  CC      drivers/media/v4l2-core/videobuf2-dma-contig.o
  LD      drivers/media/v4l2-core/videodev.o
  CC      drivers/power/supply/power_supply_sysfs.o
  CC      drivers/power/supply/power_supply_leds.o
  CC      drivers/regulator/core.o
  CC      drivers/rtc/rtc-lib.o
  CC      drivers/ptp/ptp_sysfs.o
  CC      drivers/regulator/dummy.o
  CC      drivers/regulator/fixed-helper.o
  CC      drivers/power/supply/ltc2941-battery-gauge.o
  LD      drivers/ras/built-in.o
  CC      drivers/pps/sysfs.o
  CC      drivers/scsi/scsi.o
  LD      drivers/of/built-in.o
  CC      drivers/rtc/hctosys.o
  CC      drivers/rtc/systohc.o
  LD      drivers/net/built-in.o
  CC      drivers/rtc/class.o
  CC      drivers/spi/spi.o
  LD      drivers/ptp/ptp.o
  LD      drivers/ptp/built-in.o
  CC      drivers/regulator/helpers.o
  CC      drivers/staging/fbtft/fbtft-core.o
  LD      drivers/pps/pps_core.o
  LD      drivers/pps/built-in.o
  CC      drivers/staging/iio/accel/adis16201_core.o
  LD      drivers/media/v4l2-core/built-in.o
  CC      drivers/staging/iio/adc/ad7606_spi.o
  LD      drivers/media/built-in.o
  LD      drivers/power/supply/power_supply.o
  LD      drivers/power/supply/built-in.o
  LD      drivers/power/built-in.o
  CC      drivers/spi/spidev.o
  CC      drivers/thermal/thermal_core.o
  CC      drivers/rtc/interface.o
  CC      drivers/tty/tty_io.o
  CC      drivers/staging/iio/accel/adis16203_core.o
  CC      drivers/staging/iio/adc/ad7606_core.o
  CC      drivers/staging/iio/adc/ad7606_ring.o
  CC      drivers/regulator/devres.o
  CC      drivers/scsi/hosts.o
  CC      drivers/spi/spi-axi-spi-engine.o
  CC      drivers/rtc/rtc-dev.o
  CC      drivers/staging/iio/accel/adis16209_core.o
  CC      drivers/staging/iio/accel/adis16240_core.o
  CC      drivers/regulator/of_regulator.o
  CC      drivers/staging/iio/adc/ad7780.o
  CC      drivers/staging/fbtft/fbtft-sysfs.o
  LD      drivers/staging/iio/accel/adis16201.o
  LD      drivers/staging/iio/accel/adis16203.o
  CC      drivers/rtc/rtc-proc.o
  LD      drivers/staging/iio/accel/adis16209.o
  CC      drivers/rtc/rtc-sysfs.o
  CC      drivers/regulator/fixed.o
  CC      drivers/scsi/scsi_ioctl.o
  LD      drivers/staging/iio/accel/adis16240.o
  LD      drivers/staging/iio/accel/built-in.o
  CC      drivers/staging/fbtft/fbtft-bus.o
  CC      drivers/staging/iio/adc/ad7816.o
  CC      drivers/rtc/rtc-ds3232.o
  CC      drivers/spi/spi-bitbang.o
  CC      drivers/spi/spi-cadence.o
  CC      drivers/staging/fbtft/fbtft-io.o
  CC      drivers/thermal/thermal_hwmon.o
  CC      drivers/uio/uio.o
  LD      drivers/regulator/built-in.o
  CC      drivers/tty/n_tty.o
  CC      drivers/tty/tty_ioctl.o
  CC      drivers/rtc/rtc-pcf8563.o
  CC      drivers/staging/iio/adc/ad7192.o
  CC      drivers/uio/uio_pdrv_genirq.o
  CC      drivers/spi/spi-xcomm.o
  CC      drivers/thermal/of-thermal.o
  CC      drivers/scsi/scsicam.o
  CC      drivers/staging/fbtft/fb_seps525.o
  LD      drivers/rtc/rtc-core.o
  CC      drivers/scsi/scsi_error.o
  LD      drivers/rtc/built-in.o
  CC      drivers/staging/fbtft/flexfb.o
  CC      drivers/usb/chipidea/core.o
  CC      drivers/uio/uio_dmem_genirq.o
  CC      drivers/usb/common/common.o
  CC      drivers/spi/spi-ad9250fmc.o
  CC      drivers/tty/tty_ldisc.o
  CC      drivers/staging/iio/adc/ad7280a.o
  LD      drivers/staging/fbtft/fbtft.o
  CC      drivers/thermal/step_wise.o
  LD      drivers/staging/fbtft/built-in.o
  CC      drivers/scsi/scsi_lib.o
  CC      drivers/video/hdmi.o
  CC      drivers/usb/core/usb.o
  CC      drivers/spi/spi-xilinx.o
  CC      drivers/tty/tty_buffer.o
  CC      drivers/usb/common/ulpi.o
  LD      drivers/thermal/thermal_sys.o
  LD      drivers/thermal/built-in.o
  CC      drivers/uio/uio_xilinx_apm.o
  CC      drivers/watchdog/watchdog_core.o
  CC      drivers/watchdog/watchdog_dev.o
  LD      drivers/staging/iio/adc/ad7606.o
  LD      drivers/staging/iio/adc/built-in.o
  LD      drivers/uio/built-in.o
  CC      drivers/usb/chipidea/otg.o
  CC      drivers/staging/iio/gyro/adis16060_core.o
  CC      drivers/usb/chipidea/debug.o
  CC      drivers/video/backlight/backlight.o
  CC      drivers/scsi/scsi_lib_dma.o
  LD      drivers/usb/common/usb-common.o
  LD      drivers/usb/common/built-in.o
  CC      drivers/watchdog/cadence_wdt.o
  CC      drivers/tty/tty_port.o
  CC      drivers/usb/gadget/usbstring.o
  CC      drivers/spi/spi-zynq-qspi.o
  CC      drivers/usb/core/hub.o
  CC      drivers/usb/chipidea/udc.o
  LD      drivers/staging/iio/gyro/adis16060.o
  LD      drivers/staging/iio/gyro/built-in.o
  LD      drivers/staging/iio/built-in.o
  CC      drivers/watchdog/of_xilinx_wdt.o
  LD      drivers/staging/built-in.o
  LD      drivers/watchdog/watchdog.o
  CC      drivers/usb/chipidea/host.o
  CC      drivers/usb/core/hcd.o
  CC      drivers/usb/core/urb.o
  CC      drivers/usb/gadget/config.o
  LD      drivers/spi/built-in.o
  CC      drivers/usb/core/message.o
  CC      drivers/usb/core/driver.o
  CC      drivers/video/backlight/generic_bl.o
  CC      drivers/tty/tty_mutex.o
  LD      drivers/watchdog/built-in.o
  CC      drivers/tty/tty_ldsem.o
  CC      drivers/usb/chipidea/ci_hdrc_usb2.o
  CC      drivers/scsi/scsi_scan.o
  LD      drivers/video/backlight/built-in.o
  CC      drivers/video/console/dummycon.o
  CC      drivers/usb/host/ehci-hcd.o
  CC      drivers/tty/pty.o
  CC      drivers/usb/gadget/epautoconf.o
  CC      drivers/tty/serial/serial_core.o
  CC      drivers/usb/chipidea/ci_hdrc_msm.o
  CC      drivers/usb/chipidea/ci_hdrc_zevio.o
  CC      drivers/video/console/fbcon.o
  CC      drivers/usb/core/config.o
  CC      drivers/usb/chipidea/usbmisc_imx.o
  CC      drivers/usb/core/file.o
  CC      drivers/usb/gadget/composite.o
  CC      drivers/usb/chipidea/ci_hdrc_imx.o
  CC      drivers/tty/vt/vt_ioctl.o
  CC      drivers/usb/core/buffer.o
  CC      drivers/scsi/scsi_sysfs.o
  CC      drivers/scsi/scsi_devinfo.o
  CC      drivers/usb/core/sysfs.o
  LD      drivers/usb/chipidea/ci_hdrc.o
  CC      drivers/usb/core/endpoint.o
  LD      drivers/usb/chipidea/built-in.o
  CC      drivers/usb/phy/of.o
  CC      drivers/usb/serial/usb-serial.o
  CC      drivers/usb/storage/scsiglue.o
  CC      drivers/tty/serial/earlycon.o
  CC      drivers/usb/storage/protocol.o
  CC      drivers/usb/phy/phy-ulpi.o
  CC      drivers/tty/vt/vc_screen.o
  CC      drivers/usb/core/devio.o
  CC      drivers/scsi/scsi_sysctl.o
  CC      drivers/usb/gadget/functions.o
  CC      drivers/tty/serial/xilinx_uartps.o
  CC      drivers/scsi/scsi_proc.o
  CC      drivers/usb/storage/transport.o
  CC      drivers/usb/phy/phy-ulpi-viewport.o
  CC      drivers/video/console/bitblit.o
  CC      drivers/scsi/scsi_trace.o
  CC      drivers/tty/vt/selection.o
  CC      drivers/tty/vt/keyboard.o
  CC      drivers/usb/serial/generic.o
  CC      drivers/usb/gadget/configfs.o
  LD      drivers/usb/host/built-in.o
  CC      drivers/usb/serial/bus.o
  CC      drivers/scsi/scsi_logging.o
  LD      drivers/usb/phy/built-in.o
  CC      drivers/scsi/scsi_pm.o
  CC      drivers/tty/vt/consolemap.o
  LD      drivers/tty/serial/built-in.o
  CC      drivers/scsi/sd.o
  CC      drivers/scsi/sg.o
  CC      drivers/usb/storage/usb.o
  CC      drivers/video/console/softcursor.o
  CC      drivers/usb/serial/ftdi_sio.o
  LD      drivers/usb/serial/usbserial.o
  CC      drivers/tty/vt/vt.o
  CC      drivers/usb/core/notify.o
  CC      drivers/usb/core/generic.o
  LD      drivers/scsi/scsi_mod.o
  CC      drivers/usb/core/quirks.o
  CC      drivers/usb/storage/initializers.o
  CC      drivers/usb/gadget/u_f.o
  CC      drivers/usb/core/devices.o
  CC      drivers/usb/gadget/function/f_acm.o
  LD      drivers/video/console/built-in.o
  CC      drivers/usb/core/port.o
  CC      drivers/video/fbdev/core/fb_cmdline.o
  CC      drivers/usb/core/of.o
  LD      drivers/usb/serial/built-in.o
  CC      drivers/video/fbdev/core/fb_notify.o
  CC      drivers/usb/storage/sierra_ms.o
  CC      drivers/usb/storage/option_ms.o
  CC      drivers/usb/gadget/udc/core.o
  CC      drivers/usb/gadget/function/u_serial.o
  CC      drivers/usb/gadget/function/f_fs.o
  CC      drivers/usb/storage/usual-tables.o
  CC      drivers/usb/gadget/udc/trace.o
  LD      drivers/usb/core/usbcore.o
  LD      drivers/usb/core/built-in.o
  CC      drivers/video/fbdev/core/fbmem.o
  CC      drivers/video/fbdev/core/fbmon.o
  LD      drivers/scsi/sd_mod.o
  LD      drivers/scsi/built-in.o
  CC      drivers/usb/gadget/udc/udc-xilinx.o
  CC      drivers/video/fbdev/core/fbcmap.o
  CC      drivers/video/fbdev/core/fbsysfs.o
  CC      drivers/video/fbdev/core/modedb.o
  LD      drivers/usb/storage/usb-storage.o
  LD      drivers/usb/storage/built-in.o
  CC      drivers/video/fbdev/core/fbcvt.o
  CC      drivers/video/fbdev/core/fb_defio.o
  CC      drivers/video/fbdev/core/cfbfillrect.o
  LD      drivers/usb/gadget/udc/udc-core.o
  CC      drivers/video/fbdev/core/cfbcopyarea.o
  CC      drivers/video/fbdev/core/cfbimgblt.o
  CC      drivers/video/fbdev/core/sysfillrect.o
  CC      drivers/video/fbdev/core/syscopyarea.o
  LD      drivers/usb/gadget/function/usb_f_acm.o
  CC      drivers/video/fbdev/core/sysimgblt.o
  LD      drivers/usb/gadget/udc/built-in.o
  CC      drivers/video/fbdev/core/fb_sys_fops.o
  LD      drivers/usb/gadget/libcomposite.o
  LD      drivers/tty/vt/built-in.o
  LD      drivers/tty/built-in.o
  LD      drivers/video/fbdev/core/fb.o
  LD      drivers/usb/gadget/function/usb_f_fs.o
  LD      drivers/usb/gadget/function/built-in.o
  LD      drivers/usb/gadget/built-in.o
  LD      drivers/usb/built-in.o
  LD      drivers/video/fbdev/core/built-in.o
  LD      drivers/video/fbdev/built-in.o
  LD      drivers/video/built-in.o
  LD      drivers/built-in.o
